[2025-11-02 15:41:28,533][absl][INFO] - MUJOCO_GL=osmesa, attempting to import specified OpenGL backend.
[2025-11-02 15:41:28,543][hydra.utils][ERROR] - Error instantiating envs.rwrl_env.RWRLEnv : ('Unable to load OpenGL library', "dlopen(OSMesa, 0x000A): tried: 'OSMesa' (no such file), '/System/Volumes/Preboot/Cryptexes/OSOSMesa' (no such file), '/opt/miniconda3/envs/usps-py38/lib/python3.8/lib-dynload/../../OSMesa' (no such file), '/opt/miniconda3/envs/usps-py38/bin/../lib/OSMesa' (no such file), '/usr/lib/OSMesa' (no such file, not in dyld cache), 'OSMesa' (no such file), '/usr/local/lib/OSMesa' (no such file), '/usr/lib/OSMesa' (no such file, not in dyld cache)", 'OSMesa', None)
[2025-11-02 15:41:35,023][absl][INFO] - MUJOCO_GL=glfw, attempting to import specified OpenGL backend.
[2025-11-02 15:41:35,771][absl][INFO] - MuJoCo library version is: 211
[2025-11-02 15:41:35,774][hydra.utils][ERROR] - Error instantiating envs.rwrl_env.RWRLEnv : MuJoCo library version (210) does not match header version (211)
[2025-11-02 15:41:46,445][absl][INFO] - MUJOCO_GL=glfw, attempting to import specified OpenGL backend.
[2025-11-02 15:41:46,698][absl][INFO] - MuJoCo library version is: 211
[2025-11-02 15:41:46,699][hydra.utils][ERROR] - Error instantiating envs.rwrl_env.RWRLEnv : MuJoCo library version (210) does not match header version (211)
[2025-11-02 15:42:19,981][absl][INFO] - MUJOCO_GL=glfw, attempting to import specified OpenGL backend.
[2025-11-02 15:42:20,236][absl][INFO] - MuJoCo library version is: 211
[2025-11-02 15:42:20,236][hydra.utils][ERROR] - Error instantiating envs.rwrl_env.RWRLEnv : MuJoCo library version (210) does not match header version (211)
[2025-11-02 15:42:33,209][absl][INFO] - MUJOCO_GL=glfw, attempting to import specified OpenGL backend.
[2025-11-02 15:42:33,537][absl][INFO] - MuJoCo library version is: 211
[2025-11-02 15:42:33,538][hydra.utils][ERROR] - Error instantiating envs.rwrl_env.RWRLEnv : MuJoCo library version (210) does not match header version (211)
[2025-11-02 15:44:17,421][absl][INFO] - MUJOCO_GL=glfw, attempting to import specified OpenGL backend.
[2025-11-02 15:44:17,696][absl][INFO] - MuJoCo library version is: 211
[2025-11-02 15:44:17,702][hydra.utils][ERROR] - Error instantiating envs.rwrl_env.RWRLEnv : module 'dm_control.mujoco.wrapper.core' has no attribute '_check_version'
[2025-11-02 15:44:26,265][absl][INFO] - MUJOCO_GL=glfw, attempting to import specified OpenGL backend.
[2025-11-02 15:44:26,501][absl][INFO] - MuJoCo library version is: 211
[2025-11-02 15:44:40,083][hydra.utils][ERROR] - Error instantiating envs.rwrl_env.RWRLEnv : No module named 'realworldrl_suite'
[2025-11-02 15:44:46,745][absl][INFO] - MUJOCO_GL=glfw, attempting to import specified OpenGL backend.
[2025-11-02 15:44:46,991][absl][INFO] - MuJoCo library version is: 211
[2025-11-02 15:44:47,274][hydra.utils][ERROR] - Error initializing class agent.agent.SACAgent
[2025-11-02 15:44:47,274][hydra.utils][ERROR] - Error instantiating agent.agent.SACAgent : attempted relative import beyond top-level package
[2025-11-02 15:44:55,043][absl][INFO] - MUJOCO_GL=glfw, attempting to import specified OpenGL backend.
[2025-11-02 15:44:55,276][absl][INFO] - MuJoCo library version is: 211
[2025-11-02 15:44:55,515][hydra.utils][ERROR] - Error instantiating agent.critic.DoubleQCritic : No module named 'utils'
[2025-11-02 15:44:55,515][hydra.utils][ERROR] - Error instantiating agent.agent.SACAgent : No module named 'utils'
[2025-11-02 15:45:04,786][absl][INFO] - MUJOCO_GL=glfw, attempting to import specified OpenGL backend.
[2025-11-02 15:45:05,081][absl][INFO] - MuJoCo library version is: 211
[2025-11-02 15:45:05,594][hydra.utils][ERROR] - Error instantiating agent.agent.SACAgent : Torch not compiled with CUDA enabled
[2025-11-02 15:45:16,885][absl][INFO] - MUJOCO_GL=glfw, attempting to import specified OpenGL backend.
[2025-11-02 15:45:17,195][absl][INFO] - MuJoCo library version is: 211
[2025-11-02 15:46:05,304][absl][INFO] - MUJOCO_GL=glfw, attempting to import specified OpenGL backend.
[2025-11-02 15:46:06,002][absl][INFO] - MuJoCo library version is: 211
[2025-11-02 15:54:29,481][hydra.utils][ERROR] - Error instantiating envs.rwrl_env.RWRLEnv : No module named 'envs'
[2025-11-02 16:04:31,038][hydra.utils][ERROR] - Error instantiating envs.rwrl_env.RWRLEnv : No module named 'envs'
[2025-11-02 16:05:36,375][hydra.utils][ERROR] - Error instantiating envs.rwrl_env.RWRLEnv : No module named 'envs'
[2025-11-02 16:08:55,946][absl][INFO] - MUJOCO_GL=egl, attempting to import specified OpenGL backend.
[2025-11-02 16:08:55,951][OpenGL.acceleratesupport][INFO] - No OpenGL_accelerate module loaded: No module named 'OpenGL_accelerate'
[2025-11-02 16:08:56,034][absl][INFO] - MuJoCo library version is: 210
[2025-11-02 16:08:59,086][hydra.utils][ERROR] - Error instantiating agent.agent.SACAgent : No CUDA GPUs are available
[2025-11-05 22:49:44,919][absl][INFO] - MUJOCO_GL=egl, attempting to import specified OpenGL backend.
[2025-11-05 22:49:44,934][OpenGL.acceleratesupport][INFO] - No OpenGL_accelerate module loaded: No module named 'OpenGL_accelerate'
[2025-11-05 22:49:45,231][absl][WARNING] - mjbindings failed to import mjlib and other functions. libmujoco.so may not be accessible.
[2025-11-05 22:49:45,313][hydra.utils][ERROR] - Error instantiating envs.rwrl_env.RWRLEnv : Cannot find MuJoCo library at /home/ubuntu/.mujoco/mujoco210/bin/libmujoco210.so.
[2025-11-05 22:57:37,993][absl][INFO] - MUJOCO_GL=egl, attempting to import specified OpenGL backend.
[2025-11-05 22:57:37,998][OpenGL.acceleratesupport][INFO] - No OpenGL_accelerate module loaded: No module named 'OpenGL_accelerate'
[2025-11-05 22:57:38,177][absl][WARNING] - mjbindings failed to import mjlib and other functions. libmujoco.so may not be accessible.
[2025-11-05 22:57:38,266][hydra.utils][ERROR] - Error instantiating envs.rwrl_env.RWRLEnv : Cannot find MuJoCo library at /home/ubuntu/.mujoco/mujoco210/bin/libmujoco210.so.
[2025-11-05 22:58:26,068][absl][INFO] - MUJOCO_GL=egl, attempting to import specified OpenGL backend.
[2025-11-05 22:58:26,075][OpenGL.acceleratesupport][INFO] - No OpenGL_accelerate module loaded: No module named 'OpenGL_accelerate'
[2025-11-05 22:58:26,327][absl][WARNING] - mjbindings failed to import mjlib and other functions. libmujoco.so may not be accessible.
[2025-11-05 22:58:26,398][hydra.utils][ERROR] - Error instantiating envs.rwrl_env.RWRLEnv : Cannot find MuJoCo library at /home/ubuntu/.mujoco/mujoco210/bin/libmujoco210.so.
[2025-11-05 23:01:15,652][absl][INFO] - MUJOCO_GL=egl, attempting to import specified OpenGL backend.
[2025-11-05 23:01:15,659][OpenGL.acceleratesupport][INFO] - No OpenGL_accelerate module loaded: No module named 'OpenGL_accelerate'
[2025-11-05 23:01:15,838][absl][WARNING] - mjbindings failed to import mjlib and other functions. libmujoco.so may not be accessible.
[2025-11-05 23:01:15,959][hydra.utils][ERROR] - Error instantiating envs.rwrl_env.RWRLEnv : Cannot find MuJoCo library at /home/ubuntu/.mujoco/mujoco210/bin/libmujoco210.so.
[2025-11-05 23:01:24,853][absl][INFO] - MUJOCO_GL=egl, attempting to import specified OpenGL backend.
[2025-11-05 23:01:24,860][OpenGL.acceleratesupport][INFO] - No OpenGL_accelerate module loaded: No module named 'OpenGL_accelerate'
[2025-11-05 23:01:25,022][absl][WARNING] - mjbindings failed to import mjlib and other functions. libmujoco.so may not be accessible.
[2025-11-05 23:01:25,088][hydra.utils][ERROR] - Error instantiating envs.rwrl_env.RWRLEnv : Cannot find MuJoCo library at /home/ubuntu/.mujoco/mujoco210/bin/libmujoco210.so.
[2025-11-05 23:02:09,194][absl][INFO] - MUJOCO_GL=egl, attempting to import specified OpenGL backend.
[2025-11-05 23:02:09,388][absl][WARNING] - mjbindings failed to import mjlib and other functions. libmujoco.so may not be accessible.
[2025-11-05 23:02:09,465][hydra.utils][ERROR] - Error instantiating envs.rwrl_env.RWRLEnv : Cannot find MuJoCo library at /home/ubuntu/.mujoco/mujoco210/bin/libmujoco210.so.
[2025-11-05 23:02:46,478][absl][INFO] - MUJOCO_GL=egl, attempting to import specified OpenGL backend.
[2025-11-05 23:02:46,639][absl][WARNING] - mjbindings failed to import mjlib and other functions. libmujoco.so may not be accessible.
[2025-11-05 23:02:46,711][hydra.utils][ERROR] - Error instantiating envs.rwrl_env.RWRLEnv : Cannot find MuJoCo library at /home/ubuntu/.mujoco/mujoco210/bin/libmujoco210.so.
[2025-11-05 23:04:19,179][absl][INFO] - MUJOCO_GL=egl, attempting to import specified OpenGL backend.
[2025-11-05 23:04:19,339][absl][WARNING] - mjbindings failed to import mjlib and other functions. libmujoco.so may not be accessible.
[2025-11-05 23:04:19,422][hydra.utils][ERROR] - Error instantiating envs.rwrl_env.RWRLEnv : Cannot find MuJoCo library at /home/ubuntu/.mujoco/mujoco210/bin/libmujoco210.so.
[2025-11-05 23:05:24,632][absl][INFO] - MUJOCO_GL=egl, attempting to import specified OpenGL backend.
[2025-11-05 23:05:24,879][absl][INFO] - MuJoCo library version is: 210
[2025-11-05 23:05:26,605][hydra.utils][ERROR] - Error instantiating agent.agent.SACAgent : No CUDA GPUs are available
[2025-11-05 23:05:47,875][absl][INFO] - MUJOCO_GL=egl, attempting to import specified OpenGL backend.
[2025-11-05 23:05:48,313][absl][INFO] - MuJoCo library version is: 210
[2025-11-05 23:05:49,792][hydra.utils][ERROR] - Error instantiating agent.agent.SACAgent : No CUDA GPUs are available
