[2025-11-02 15:41:28,533][absl][INFO] - MUJOCO_GL=osmesa, attempting to import specified OpenGL backend.
[2025-11-02 15:41:28,543][hydra.utils][ERROR] - Error instantiating envs.rwrl_env.RWRLEnv : ('Unable to load OpenGL library', "dlopen(OSMesa, 0x000A): tried: 'OSMesa' (no such file), '/System/Volumes/Preboot/Cryptexes/OSOSMesa' (no such file), '/opt/miniconda3/envs/usps-py38/lib/python3.8/lib-dynload/../../OSMesa' (no such file), '/opt/miniconda3/envs/usps-py38/bin/../lib/OSMesa' (no such file), '/usr/lib/OSMesa' (no such file, not in dyld cache), 'OSMesa' (no such file), '/usr/local/lib/OSMesa' (no such file), '/usr/lib/OSMesa' (no such file, not in dyld cache)", 'OSMesa', None)
[2025-11-02 15:41:35,036][absl][INFO] - MUJOCO_GL=glfw, attempting to import specified OpenGL backend.
[2025-11-02 15:41:35,788][absl][INFO] - MuJoCo library version is: 211
[2025-11-02 15:41:35,791][hydra.utils][ERROR] - Error instantiating envs.rwrl_env.RWRLEnv : MuJoCo library version (210) does not match header version (211)
[2025-11-02 15:41:46,445][absl][INFO] - MUJOCO_GL=glfw, attempting to import specified OpenGL backend.
[2025-11-02 15:41:46,698][absl][INFO] - MuJoCo library version is: 211
[2025-11-02 15:41:46,699][hydra.utils][ERROR] - Error instantiating envs.rwrl_env.RWRLEnv : MuJoCo library version (210) does not match header version (211)
[2025-11-02 15:42:19,981][absl][INFO] - MUJOCO_GL=glfw, attempting to import specified OpenGL backend.
[2025-11-02 15:42:20,236][absl][INFO] - MuJoCo library version is: 211
[2025-11-02 15:42:20,236][hydra.utils][ERROR] - Error instantiating envs.rwrl_env.RWRLEnv : MuJoCo library version (210) does not match header version (211)
[2025-11-02 15:42:33,209][absl][INFO] - MUJOCO_GL=glfw, attempting to import specified OpenGL backend.
[2025-11-02 15:42:33,537][absl][INFO] - MuJoCo library version is: 211
[2025-11-02 15:42:33,538][hydra.utils][ERROR] - Error instantiating envs.rwrl_env.RWRLEnv : MuJoCo library version (210) does not match header version (211)
[2025-11-02 15:44:17,421][absl][INFO] - MUJOCO_GL=glfw, attempting to import specified OpenGL backend.
[2025-11-02 15:44:17,696][absl][INFO] - MuJoCo library version is: 211
[2025-11-02 15:44:17,702][hydra.utils][ERROR] - Error instantiating envs.rwrl_env.RWRLEnv : module 'dm_control.mujoco.wrapper.core' has no attribute '_check_version'
[2025-11-02 15:44:26,267][absl][INFO] - MUJOCO_GL=glfw, attempting to import specified OpenGL backend.
[2025-11-02 15:44:26,501][absl][INFO] - MuJoCo library version is: 211
[2025-11-02 15:44:40,083][hydra.utils][ERROR] - Error instantiating envs.rwrl_env.RWRLEnv : No module named 'realworldrl_suite'
[2025-11-02 15:44:46,745][absl][INFO] - MUJOCO_GL=glfw, attempting to import specified OpenGL backend.
[2025-11-02 15:44:46,991][absl][INFO] - MuJoCo library version is: 211
[2025-11-02 15:44:47,270][hydra.utils][ERROR] - Error initializing class agent.agent.SACAgent
[2025-11-02 15:44:47,270][hydra.utils][ERROR] - Error instantiating agent.agent.SACAgent : attempted relative import beyond top-level package
[2025-11-02 15:44:55,030][absl][INFO] - MUJOCO_GL=glfw, attempting to import specified OpenGL backend.
[2025-11-02 15:44:55,276][absl][INFO] - MuJoCo library version is: 211
[2025-11-02 15:44:55,515][hydra.utils][ERROR] - Error instantiating agent.critic.DoubleQCritic : No module named 'utils'
[2025-11-02 15:44:55,515][hydra.utils][ERROR] - Error instantiating agent.agent.SACAgent : No module named 'utils'
[2025-11-02 15:45:04,786][absl][INFO] - MUJOCO_GL=glfw, attempting to import specified OpenGL backend.
[2025-11-02 15:45:05,083][absl][INFO] - MuJoCo library version is: 211
[2025-11-02 15:45:05,594][hydra.utils][ERROR] - Error instantiating agent.agent.SACAgent : Torch not compiled with CUDA enabled
[2025-11-02 15:45:16,885][absl][INFO] - MUJOCO_GL=glfw, attempting to import specified OpenGL backend.
[2025-11-02 15:45:17,195][absl][INFO] - MuJoCo library version is: 211
[2025-11-02 15:46:05,304][absl][INFO] - MUJOCO_GL=glfw, attempting to import specified OpenGL backend.
[2025-11-02 15:46:05,999][absl][INFO] - MuJoCo library version is: 211
[2025-11-02 15:54:29,504][hydra.utils][ERROR] - Error instantiating envs.rwrl_env.RWRLEnv : No module named 'envs'
[2025-11-02 16:04:31,145][hydra.utils][ERROR] - Error instantiating envs.rwrl_env.RWRLEnv : No module named 'envs'
[2025-11-02 16:05:36,375][hydra.utils][ERROR] - Error instantiating envs.rwrl_env.RWRLEnv : No module named 'envs'
[2025-11-02 16:08:56,030][absl][INFO] - MUJOCO_GL=egl, attempting to import specified OpenGL backend.
[2025-11-02 16:08:56,048][OpenGL.acceleratesupport][INFO] - No OpenGL_accelerate module loaded: No module named 'OpenGL_accelerate'
[2025-11-02 16:08:56,175][absl][INFO] - MuJoCo library version is: 210
[2025-11-05 22:49:44,924][absl][INFO] - MUJOCO_GL=egl, attempting to import specified OpenGL backend.
[2025-11-05 22:49:44,931][OpenGL.acceleratesupport][INFO] - No OpenGL_accelerate module loaded: No module named 'OpenGL_accelerate'
[2025-11-05 22:49:45,226][absl][WARNING] - mjbindings failed to import mjlib and other functions. libmujoco.so may not be accessible.
[2025-11-05 22:49:45,300][hydra.utils][ERROR] - Error instantiating envs.rwrl_env.RWRLEnv : Cannot find MuJoCo library at /home/ubuntu/.mujoco/mujoco210/bin/libmujoco210.so.
[2025-11-05 22:57:37,943][absl][INFO] - MUJOCO_GL=egl, attempting to import specified OpenGL backend.
[2025-11-05 22:57:37,949][OpenGL.acceleratesupport][INFO] - No OpenGL_accelerate module loaded: No module named 'OpenGL_accelerate'
[2025-11-05 22:57:38,122][absl][WARNING] - mjbindings failed to import mjlib and other functions. libmujoco.so may not be accessible.
[2025-11-05 22:57:38,218][hydra.utils][ERROR] - Error instantiating envs.rwrl_env.RWRLEnv : Cannot find MuJoCo library at /home/ubuntu/.mujoco/mujoco210/bin/libmujoco210.so.
[2025-11-05 22:58:25,911][absl][INFO] - MUJOCO_GL=egl, attempting to import specified OpenGL backend.
[2025-11-05 22:58:25,930][OpenGL.acceleratesupport][INFO] - No OpenGL_accelerate module loaded: No module named 'OpenGL_accelerate'
[2025-11-05 22:58:26,113][absl][WARNING] - mjbindings failed to import mjlib and other functions. libmujoco.so may not be accessible.
[2025-11-05 22:58:26,169][hydra.utils][ERROR] - Error instantiating envs.rwrl_env.RWRLEnv : Cannot find MuJoCo library at /home/ubuntu/.mujoco/mujoco210/bin/libmujoco210.so.
[2025-11-05 23:01:15,452][absl][INFO] - MUJOCO_GL=egl, attempting to import specified OpenGL backend.
[2025-11-05 23:01:15,463][OpenGL.acceleratesupport][INFO] - No OpenGL_accelerate module loaded: No module named 'OpenGL_accelerate'
[2025-11-05 23:01:15,658][absl][WARNING] - mjbindings failed to import mjlib and other functions. libmujoco.so may not be accessible.
[2025-11-05 23:01:15,721][hydra.utils][ERROR] - Error instantiating envs.rwrl_env.RWRLEnv : Cannot find MuJoCo library at /home/ubuntu/.mujoco/mujoco210/bin/libmujoco210.so.
[2025-11-05 23:01:24,801][absl][INFO] - MUJOCO_GL=egl, attempting to import specified OpenGL backend.
[2025-11-05 23:01:24,807][OpenGL.acceleratesupport][INFO] - No OpenGL_accelerate module loaded: No module named 'OpenGL_accelerate'
[2025-11-05 23:01:24,997][absl][WARNING] - mjbindings failed to import mjlib and other functions. libmujoco.so may not be accessible.
[2025-11-05 23:01:25,060][hydra.utils][ERROR] - Error instantiating envs.rwrl_env.RWRLEnv : Cannot find MuJoCo library at /home/ubuntu/.mujoco/mujoco210/bin/libmujoco210.so.
[2025-11-05 23:02:09,204][absl][INFO] - MUJOCO_GL=egl, attempting to import specified OpenGL backend.
[2025-11-05 23:02:09,413][absl][WARNING] - mjbindings failed to import mjlib and other functions. libmujoco.so may not be accessible.
[2025-11-05 23:02:09,531][hydra.utils][ERROR] - Error instantiating envs.rwrl_env.RWRLEnv : Cannot find MuJoCo library at /home/ubuntu/.mujoco/mujoco210/bin/libmujoco210.so.
[2025-11-05 23:02:46,448][absl][INFO] - MUJOCO_GL=egl, attempting to import specified OpenGL backend.
[2025-11-05 23:02:46,671][absl][WARNING] - mjbindings failed to import mjlib and other functions. libmujoco.so may not be accessible.
[2025-11-05 23:02:46,734][hydra.utils][ERROR] - Error instantiating envs.rwrl_env.RWRLEnv : Cannot find MuJoCo library at /home/ubuntu/.mujoco/mujoco210/bin/libmujoco210.so.
[2025-11-05 23:04:19,008][absl][INFO] - MUJOCO_GL=egl, attempting to import specified OpenGL backend.
[2025-11-05 23:04:19,248][absl][WARNING] - mjbindings failed to import mjlib and other functions. libmujoco.so may not be accessible.
[2025-11-05 23:04:19,313][hydra.utils][ERROR] - Error instantiating envs.rwrl_env.RWRLEnv : Cannot find MuJoCo library at /home/ubuntu/.mujoco/mujoco210/bin/libmujoco210.so.
[2025-11-05 23:05:24,801][absl][INFO] - MUJOCO_GL=egl, attempting to import specified OpenGL backend.
[2025-11-05 23:05:25,056][absl][INFO] - MuJoCo library version is: 210
[2025-11-05 23:05:27,448][hydra.utils][ERROR] - Error instantiating agent.agent.SACAgent : No CUDA GPUs are available
[2025-11-05 23:05:48,309][absl][INFO] - MUJOCO_GL=egl, attempting to import specified OpenGL backend.
[2025-11-05 23:05:48,675][absl][INFO] - MuJoCo library version is: 210
[2025-11-05 23:05:50,685][hydra.utils][ERROR] - Error instantiating agent.agent.SACAgent : No CUDA GPUs are available
