[2025-11-02 15:41:28,533][absl][INFO] - MUJOCO_GL=osmesa, attempting to import specified OpenGL backend.
[2025-11-02 15:41:28,543][hydra.utils][ERROR] - Error instantiating envs.rwrl_env.RWRLEnv : ('Unable to load OpenGL library', "dlopen(OSMesa, 0x000A): tried: 'OSMesa' (no such file), '/System/Volumes/Preboot/Cryptexes/OSOSMesa' (no such file), '/opt/miniconda3/envs/usps-py38/lib/python3.8/lib-dynload/../../OSMesa' (no such file), '/opt/miniconda3/envs/usps-py38/bin/../lib/OSMesa' (no such file), '/usr/lib/OSMesa' (no such file, not in dyld cache), 'OSMesa' (no such file), '/usr/local/lib/OSMesa' (no such file), '/usr/lib/OSMesa' (no such file, not in dyld cache)", 'OSMesa', None)
[2025-11-02 15:41:35,016][absl][INFO] - MUJOCO_GL=glfw, attempting to import specified OpenGL backend.
[2025-11-02 15:41:35,815][absl][INFO] - MuJoCo library version is: 211
[2025-11-02 15:41:35,817][hydra.utils][ERROR] - Error instantiating envs.rwrl_env.RWRLEnv : MuJoCo library version (210) does not match header version (211)
[2025-11-02 15:41:46,445][absl][INFO] - MUJOCO_GL=glfw, attempting to import specified OpenGL backend.
[2025-11-02 15:41:46,698][absl][INFO] - MuJoCo library version is: 211
[2025-11-02 15:41:46,699][hydra.utils][ERROR] - Error instantiating envs.rwrl_env.RWRLEnv : MuJoCo library version (210) does not match header version (211)
[2025-11-02 15:42:19,981][absl][INFO] - MUJOCO_GL=glfw, attempting to import specified OpenGL backend.
[2025-11-02 15:42:20,236][absl][INFO] - MuJoCo library version is: 211
[2025-11-02 15:42:20,236][hydra.utils][ERROR] - Error instantiating envs.rwrl_env.RWRLEnv : MuJoCo library version (210) does not match header version (211)
[2025-11-02 15:42:33,209][absl][INFO] - MUJOCO_GL=glfw, attempting to import specified OpenGL backend.
[2025-11-02 15:42:33,537][absl][INFO] - MuJoCo library version is: 211
[2025-11-02 15:42:33,538][hydra.utils][ERROR] - Error instantiating envs.rwrl_env.RWRLEnv : MuJoCo library version (210) does not match header version (211)
[2025-11-02 15:44:17,421][absl][INFO] - MUJOCO_GL=glfw, attempting to import specified OpenGL backend.
[2025-11-02 15:44:17,696][absl][INFO] - MuJoCo library version is: 211
[2025-11-02 15:44:17,702][hydra.utils][ERROR] - Error instantiating envs.rwrl_env.RWRLEnv : module 'dm_control.mujoco.wrapper.core' has no attribute '_check_version'
[2025-11-02 15:44:26,266][absl][INFO] - MUJOCO_GL=glfw, attempting to import specified OpenGL backend.
[2025-11-02 15:44:26,501][absl][INFO] - MuJoCo library version is: 211
[2025-11-02 15:44:40,083][hydra.utils][ERROR] - Error instantiating envs.rwrl_env.RWRLEnv : No module named 'realworldrl_suite'
[2025-11-02 15:44:46,745][absl][INFO] - MUJOCO_GL=glfw, attempting to import specified OpenGL backend.
[2025-11-02 15:44:46,991][absl][INFO] - MuJoCo library version is: 211
[2025-11-02 15:44:47,274][hydra.utils][ERROR] - Error initializing class agent.agent.SACAgent
[2025-11-02 15:44:47,274][hydra.utils][ERROR] - Error instantiating agent.agent.SACAgent : attempted relative import beyond top-level package
[2025-11-02 15:44:55,030][absl][INFO] - MUJOCO_GL=glfw, attempting to import specified OpenGL backend.
[2025-11-02 15:44:55,276][absl][INFO] - MuJoCo library version is: 211
[2025-11-02 15:44:55,517][hydra.utils][ERROR] - Error instantiating agent.critic.DoubleQCritic : No module named 'utils'
[2025-11-02 15:44:55,517][hydra.utils][ERROR] - Error instantiating agent.agent.SACAgent : No module named 'utils'
[2025-11-02 15:45:04,786][absl][INFO] - MUJOCO_GL=glfw, attempting to import specified OpenGL backend.
[2025-11-02 15:45:05,081][absl][INFO] - MuJoCo library version is: 211
[2025-11-02 15:45:05,596][hydra.utils][ERROR] - Error instantiating agent.agent.SACAgent : Torch not compiled with CUDA enabled
[2025-11-02 15:45:16,885][absl][INFO] - MUJOCO_GL=glfw, attempting to import specified OpenGL backend.
[2025-11-02 15:45:17,195][absl][INFO] - MuJoCo library version is: 211
[2025-11-02 15:46:05,344][absl][INFO] - MUJOCO_GL=glfw, attempting to import specified OpenGL backend.
[2025-11-02 15:46:06,002][absl][INFO] - MuJoCo library version is: 211
[2025-11-02 15:54:29,483][hydra.utils][ERROR] - Error instantiating envs.rwrl_env.RWRLEnv : No module named 'envs'
[2025-11-02 16:04:31,081][hydra.utils][ERROR] - Error instantiating envs.rwrl_env.RWRLEnv : No module named 'envs'
[2025-11-02 16:05:36,401][hydra.utils][ERROR] - Error instantiating envs.rwrl_env.RWRLEnv : No module named 'envs'
[2025-11-02 16:08:55,968][absl][INFO] - MUJOCO_GL=egl, attempting to import specified OpenGL backend.
[2025-11-02 16:08:55,973][OpenGL.acceleratesupport][INFO] - No OpenGL_accelerate module loaded: No module named 'OpenGL_accelerate'
[2025-11-02 16:08:56,042][absl][INFO] - MuJoCo library version is: 210
[2025-11-05 22:49:45,082][absl][INFO] - MUJOCO_GL=egl, attempting to import specified OpenGL backend.
[2025-11-05 22:49:45,092][OpenGL.acceleratesupport][INFO] - No OpenGL_accelerate module loaded: No module named 'OpenGL_accelerate'
[2025-11-05 22:49:45,270][absl][WARNING] - mjbindings failed to import mjlib and other functions. libmujoco.so may not be accessible.
[2025-11-05 22:49:45,355][hydra.utils][ERROR] - Error instantiating envs.rwrl_env.RWRLEnv : Cannot find MuJoCo library at /home/ubuntu/.mujoco/mujoco210/bin/libmujoco210.so.
[2025-11-05 22:57:37,943][absl][INFO] - MUJOCO_GL=egl, attempting to import specified OpenGL backend.
[2025-11-05 22:57:37,949][OpenGL.acceleratesupport][INFO] - No OpenGL_accelerate module loaded: No module named 'OpenGL_accelerate'
[2025-11-05 22:57:38,102][absl][WARNING] - mjbindings failed to import mjlib and other functions. libmujoco.so may not be accessible.
[2025-11-05 22:57:38,184][hydra.utils][ERROR] - Error instantiating envs.rwrl_env.RWRLEnv : Cannot find MuJoCo library at /home/ubuntu/.mujoco/mujoco210/bin/libmujoco210.so.
[2025-11-05 22:58:26,245][absl][INFO] - MUJOCO_GL=egl, attempting to import specified OpenGL backend.
[2025-11-05 22:58:26,251][OpenGL.acceleratesupport][INFO] - No OpenGL_accelerate module loaded: No module named 'OpenGL_accelerate'
[2025-11-05 22:58:26,467][absl][WARNING] - mjbindings failed to import mjlib and other functions. libmujoco.so may not be accessible.
[2025-11-05 22:58:26,607][hydra.utils][ERROR] - Error instantiating envs.rwrl_env.RWRLEnv : Cannot find MuJoCo library at /home/ubuntu/.mujoco/mujoco210/bin/libmujoco210.so.
[2025-11-05 23:01:15,796][absl][INFO] - MUJOCO_GL=egl, attempting to import specified OpenGL backend.
[2025-11-05 23:01:15,802][OpenGL.acceleratesupport][INFO] - No OpenGL_accelerate module loaded: No module named 'OpenGL_accelerate'
[2025-11-05 23:01:15,933][absl][WARNING] - mjbindings failed to import mjlib and other functions. libmujoco.so may not be accessible.
[2025-11-05 23:01:16,076][hydra.utils][ERROR] - Error instantiating envs.rwrl_env.RWRLEnv : Cannot find MuJoCo library at /home/ubuntu/.mujoco/mujoco210/bin/libmujoco210.so.
[2025-11-05 23:01:24,818][absl][INFO] - MUJOCO_GL=egl, attempting to import specified OpenGL backend.
[2025-11-05 23:01:24,825][OpenGL.acceleratesupport][INFO] - No OpenGL_accelerate module loaded: No module named 'OpenGL_accelerate'
[2025-11-05 23:01:24,986][absl][WARNING] - mjbindings failed to import mjlib and other functions. libmujoco.so may not be accessible.
[2025-11-05 23:01:25,074][hydra.utils][ERROR] - Error instantiating envs.rwrl_env.RWRLEnv : Cannot find MuJoCo library at /home/ubuntu/.mujoco/mujoco210/bin/libmujoco210.so.
[2025-11-05 23:02:09,198][absl][INFO] - MUJOCO_GL=egl, attempting to import specified OpenGL backend.
[2025-11-05 23:02:09,386][absl][WARNING] - mjbindings failed to import mjlib and other functions. libmujoco.so may not be accessible.
[2025-11-05 23:02:09,460][hydra.utils][ERROR] - Error instantiating envs.rwrl_env.RWRLEnv : Cannot find MuJoCo library at /home/ubuntu/.mujoco/mujoco210/bin/libmujoco210.so.
[2025-11-05 23:02:46,780][absl][INFO] - MUJOCO_GL=egl, attempting to import specified OpenGL backend.
[2025-11-05 23:02:46,965][absl][WARNING] - mjbindings failed to import mjlib and other functions. libmujoco.so may not be accessible.
[2025-11-05 23:02:47,131][hydra.utils][ERROR] - Error instantiating envs.rwrl_env.RWRLEnv : Cannot find MuJoCo library at /home/ubuntu/.mujoco/mujoco210/bin/libmujoco210.so.
[2025-11-05 23:04:19,389][absl][INFO] - MUJOCO_GL=egl, attempting to import specified OpenGL backend.
[2025-11-05 23:04:19,587][absl][WARNING] - mjbindings failed to import mjlib and other functions. libmujoco.so may not be accessible.
[2025-11-05 23:04:19,698][hydra.utils][ERROR] - Error instantiating envs.rwrl_env.RWRLEnv : Cannot find MuJoCo library at /home/ubuntu/.mujoco/mujoco210/bin/libmujoco210.so.
[2025-11-05 23:05:24,603][absl][INFO] - MUJOCO_GL=egl, attempting to import specified OpenGL backend.
[2025-11-05 23:05:24,885][absl][INFO] - MuJoCo library version is: 210
[2025-11-05 23:05:48,263][absl][INFO] - MUJOCO_GL=egl, attempting to import specified OpenGL backend.
[2025-11-05 23:05:48,729][absl][INFO] - MuJoCo library version is: 210
[2025-11-05 23:09:32,477][absl][INFO] - MUJOCO_GL=egl, attempting to import specified OpenGL backend.
[2025-11-05 23:09:32,660][absl][INFO] - MuJoCo library version is: 210
[2025-11-05 23:10:42,012][absl][INFO] - MUJOCO_GL=egl, attempting to import specified OpenGL backend.
[2025-11-05 23:10:42,186][absl][INFO] - MuJoCo library version is: 210
