[2025-11-02 15:41:28,533][absl][INFO] - MUJOCO_GL=osmesa, attempting to import specified OpenGL backend.
[2025-11-02 15:41:28,543][hydra.utils][ERROR] - Error instantiating envs.rwrl_env.RWRLEnv : ('Unable to load OpenGL library', "dlopen(OSMesa, 0x000A): tried: 'OSMesa' (no such file), '/System/Volumes/Preboot/Cryptexes/OSOSMesa' (no such file), '/opt/miniconda3/envs/usps-py38/lib/python3.8/lib-dynload/../../OSMesa' (no such file), '/opt/miniconda3/envs/usps-py38/bin/../lib/OSMesa' (no such file), '/usr/lib/OSMesa' (no such file, not in dyld cache), 'OSMesa' (no such file), '/usr/local/lib/OSMesa' (no such file), '/usr/lib/OSMesa' (no such file, not in dyld cache)", 'OSMesa', None)
[2025-11-02 15:41:35,037][absl][INFO] - MUJOCO_GL=glfw, attempting to import specified OpenGL backend.
[2025-11-02 15:41:35,745][absl][INFO] - MuJoCo library version is: 211
[2025-11-02 15:41:35,746][hydra.utils][ERROR] - Error instantiating envs.rwrl_env.RWRLEnv : MuJoCo library version (210) does not match header version (211)
[2025-11-02 15:41:46,446][absl][INFO] - MUJOCO_GL=glfw, attempting to import specified OpenGL backend.
[2025-11-02 15:41:46,698][absl][INFO] - MuJoCo library version is: 211
[2025-11-02 15:41:46,699][hydra.utils][ERROR] - Error instantiating envs.rwrl_env.RWRLEnv : MuJoCo library version (210) does not match header version (211)
[2025-11-02 15:42:19,981][absl][INFO] - MUJOCO_GL=glfw, attempting to import specified OpenGL backend.
[2025-11-02 15:42:20,236][absl][INFO] - MuJoCo library version is: 211
[2025-11-02 15:42:20,236][hydra.utils][ERROR] - Error instantiating envs.rwrl_env.RWRLEnv : MuJoCo library version (210) does not match header version (211)
[2025-11-02 15:42:33,209][absl][INFO] - MUJOCO_GL=glfw, attempting to import specified OpenGL backend.
[2025-11-02 15:42:33,537][absl][INFO] - MuJoCo library version is: 211
[2025-11-02 15:42:33,538][hydra.utils][ERROR] - Error instantiating envs.rwrl_env.RWRLEnv : MuJoCo library version (210) does not match header version (211)
[2025-11-02 15:44:17,421][absl][INFO] - MUJOCO_GL=glfw, attempting to import specified OpenGL backend.
[2025-11-02 15:44:17,696][absl][INFO] - MuJoCo library version is: 211
[2025-11-02 15:44:17,702][hydra.utils][ERROR] - Error instantiating envs.rwrl_env.RWRLEnv : module 'dm_control.mujoco.wrapper.core' has no attribute '_check_version'
[2025-11-02 15:44:26,267][absl][INFO] - MUJOCO_GL=glfw, attempting to import specified OpenGL backend.
[2025-11-02 15:44:26,501][absl][INFO] - MuJoCo library version is: 211
[2025-11-02 15:44:40,083][hydra.utils][ERROR] - Error instantiating envs.rwrl_env.RWRLEnv : No module named 'realworldrl_suite'
[2025-11-02 15:44:46,745][absl][INFO] - MUJOCO_GL=glfw, attempting to import specified OpenGL backend.
[2025-11-02 15:44:46,991][absl][INFO] - MuJoCo library version is: 211
[2025-11-02 15:44:47,279][hydra.utils][ERROR] - Error initializing class agent.agent.SACAgent
[2025-11-02 15:44:47,279][hydra.utils][ERROR] - Error instantiating agent.agent.SACAgent : attempted relative import beyond top-level package
[2025-11-02 15:44:55,030][absl][INFO] - MUJOCO_GL=glfw, attempting to import specified OpenGL backend.
[2025-11-02 15:44:55,276][absl][INFO] - MuJoCo library version is: 211
[2025-11-02 15:44:55,515][hydra.utils][ERROR] - Error instantiating agent.critic.DoubleQCritic : No module named 'utils'
[2025-11-02 15:44:55,515][hydra.utils][ERROR] - Error instantiating agent.agent.SACAgent : No module named 'utils'
[2025-11-02 15:45:04,786][absl][INFO] - MUJOCO_GL=glfw, attempting to import specified OpenGL backend.
[2025-11-02 15:45:05,082][absl][INFO] - MuJoCo library version is: 211
[2025-11-02 15:45:05,593][hydra.utils][ERROR] - Error instantiating agent.agent.SACAgent : Torch not compiled with CUDA enabled
[2025-11-02 15:45:16,885][absl][INFO] - MUJOCO_GL=glfw, attempting to import specified OpenGL backend.
[2025-11-02 15:45:17,195][absl][INFO] - MuJoCo library version is: 211
[2025-11-02 15:46:05,336][absl][INFO] - MUJOCO_GL=glfw, attempting to import specified OpenGL backend.
[2025-11-02 15:46:05,998][absl][INFO] - MuJoCo library version is: 211
[2025-11-02 15:54:29,521][hydra.utils][ERROR] - Error instantiating envs.rwrl_env.RWRLEnv : No module named 'envs'
[2025-11-02 16:04:31,108][hydra.utils][ERROR] - Error instantiating envs.rwrl_env.RWRLEnv : No module named 'envs'
[2025-11-02 16:05:36,440][hydra.utils][ERROR] - Error instantiating envs.rwrl_env.RWRLEnv : No module named 'envs'
[2025-11-02 16:08:56,059][absl][INFO] - MUJOCO_GL=egl, attempting to import specified OpenGL backend.
[2025-11-02 16:08:56,079][OpenGL.acceleratesupport][INFO] - No OpenGL_accelerate module loaded: No module named 'OpenGL_accelerate'
[2025-11-02 16:08:56,191][absl][INFO] - MuJoCo library version is: 210
[2025-11-05 22:49:45,066][absl][INFO] - MUJOCO_GL=egl, attempting to import specified OpenGL backend.
[2025-11-05 22:49:45,072][OpenGL.acceleratesupport][INFO] - No OpenGL_accelerate module loaded: No module named 'OpenGL_accelerate'
[2025-11-05 22:49:45,225][absl][WARNING] - mjbindings failed to import mjlib and other functions. libmujoco.so may not be accessible.
[2025-11-05 22:49:45,292][hydra.utils][ERROR] - Error instantiating envs.rwrl_env.RWRLEnv : Cannot find MuJoCo library at /home/ubuntu/.mujoco/mujoco210/bin/libmujoco210.so.
[2025-11-05 22:57:38,002][absl][INFO] - MUJOCO_GL=egl, attempting to import specified OpenGL backend.
[2025-11-05 22:57:38,007][OpenGL.acceleratesupport][INFO] - No OpenGL_accelerate module loaded: No module named 'OpenGL_accelerate'
[2025-11-05 22:57:38,166][absl][WARNING] - mjbindings failed to import mjlib and other functions. libmujoco.so may not be accessible.
[2025-11-05 22:57:38,253][hydra.utils][ERROR] - Error instantiating envs.rwrl_env.RWRLEnv : Cannot find MuJoCo library at /home/ubuntu/.mujoco/mujoco210/bin/libmujoco210.so.
[2025-11-05 22:58:25,998][absl][INFO] - MUJOCO_GL=egl, attempting to import specified OpenGL backend.
[2025-11-05 22:58:26,004][OpenGL.acceleratesupport][INFO] - No OpenGL_accelerate module loaded: No module named 'OpenGL_accelerate'
[2025-11-05 22:58:26,148][absl][WARNING] - mjbindings failed to import mjlib and other functions. libmujoco.so may not be accessible.
[2025-11-05 22:58:26,223][hydra.utils][ERROR] - Error instantiating envs.rwrl_env.RWRLEnv : Cannot find MuJoCo library at /home/ubuntu/.mujoco/mujoco210/bin/libmujoco210.so.
[2025-11-05 23:01:15,628][absl][INFO] - MUJOCO_GL=egl, attempting to import specified OpenGL backend.
[2025-11-05 23:01:15,634][OpenGL.acceleratesupport][INFO] - No OpenGL_accelerate module loaded: No module named 'OpenGL_accelerate'
[2025-11-05 23:01:15,820][absl][WARNING] - mjbindings failed to import mjlib and other functions. libmujoco.so may not be accessible.
[2025-11-05 23:01:15,898][hydra.utils][ERROR] - Error instantiating envs.rwrl_env.RWRLEnv : Cannot find MuJoCo library at /home/ubuntu/.mujoco/mujoco210/bin/libmujoco210.so.
[2025-11-05 23:01:24,643][absl][INFO] - MUJOCO_GL=egl, attempting to import specified OpenGL backend.
[2025-11-05 23:01:24,650][OpenGL.acceleratesupport][INFO] - No OpenGL_accelerate module loaded: No module named 'OpenGL_accelerate'
[2025-11-05 23:01:24,832][absl][WARNING] - mjbindings failed to import mjlib and other functions. libmujoco.so may not be accessible.
[2025-11-05 23:01:24,914][hydra.utils][ERROR] - Error instantiating envs.rwrl_env.RWRLEnv : Cannot find MuJoCo library at /home/ubuntu/.mujoco/mujoco210/bin/libmujoco210.so.
[2025-11-05 23:02:09,187][absl][INFO] - MUJOCO_GL=egl, attempting to import specified OpenGL backend.
[2025-11-05 23:02:09,347][absl][WARNING] - mjbindings failed to import mjlib and other functions. libmujoco.so may not be accessible.
[2025-11-05 23:02:09,453][hydra.utils][ERROR] - Error instantiating envs.rwrl_env.RWRLEnv : Cannot find MuJoCo library at /home/ubuntu/.mujoco/mujoco210/bin/libmujoco210.so.
[2025-11-05 23:02:46,616][absl][INFO] - MUJOCO_GL=egl, attempting to import specified OpenGL backend.
[2025-11-05 23:02:46,875][absl][WARNING] - mjbindings failed to import mjlib and other functions. libmujoco.so may not be accessible.
[2025-11-05 23:02:46,978][hydra.utils][ERROR] - Error instantiating envs.rwrl_env.RWRLEnv : Cannot find MuJoCo library at /home/ubuntu/.mujoco/mujoco210/bin/libmujoco210.so.
[2025-11-05 23:04:19,207][absl][INFO] - MUJOCO_GL=egl, attempting to import specified OpenGL backend.
[2025-11-05 23:04:19,366][absl][WARNING] - mjbindings failed to import mjlib and other functions. libmujoco.so may not be accessible.
[2025-11-05 23:04:19,464][hydra.utils][ERROR] - Error instantiating envs.rwrl_env.RWRLEnv : Cannot find MuJoCo library at /home/ubuntu/.mujoco/mujoco210/bin/libmujoco210.so.
[2025-11-05 23:05:24,621][absl][INFO] - MUJOCO_GL=egl, attempting to import specified OpenGL backend.
[2025-11-05 23:05:24,936][absl][INFO] - MuJoCo library version is: 210
[2025-11-05 23:05:27,025][hydra.utils][ERROR] - Error instantiating agent.agent.SACAgent : No CUDA GPUs are available
[2025-11-05 23:05:48,742][absl][INFO] - MUJOCO_GL=egl, attempting to import specified OpenGL backend.
[2025-11-05 23:05:49,120][absl][INFO] - MuJoCo library version is: 210
[2025-11-05 23:05:50,948][hydra.utils][ERROR] - Error instantiating agent.agent.SACAgent : No CUDA GPUs are available
[2025-11-05 23:09:32,494][absl][INFO] - MUJOCO_GL=egl, attempting to import specified OpenGL backend.
[2025-11-05 23:09:32,667][absl][INFO] - MuJoCo library version is: 210
[2025-11-05 23:09:33,211][hydra.utils][ERROR] - Error instantiating agent.agent.SACAgent : No CUDA GPUs are available
